<?xml version="1.0" encoding="UTF-8"?>
<testng-results ignored="0" total="1" passed="0" failed="1" skipped="0">
  <reporter-output>
  </reporter-output>
  <suite started-at="2021-10-04T09:04:42Z" name="Default suite" finished-at="2021-10-04T09:04:45Z" duration-ms="2514">
    <groups>
      <group name="cucumber">
        <method signature="AbstractTestNGCucumberTests.feature(cucumber.api.testng.CucumberFeatureWrapper)[pri:0, instance:com.testrunner.TestNGRunner@192c3f1e]" name="feature" class="cucumber.api.testng.AbstractTestNGCucumberTests"/>
      </group> <!-- cucumber -->
    </groups>
    <test started-at="2021-10-04T09:04:42Z" name="Default test" finished-at="2021-10-04T09:04:45Z" duration-ms="2514">
      <class name="com.testrunner.TestNGRunner">
        <test-method is-config="true" signature="setUpClass()[pri:0, instance:com.testrunner.TestNGRunner@192c3f1e]" started-at="2021-10-04T09:04:42Z" name="setUpClass" finished-at="2021-10-04T09:04:42Z" duration-ms="197" status="PASS">
          <reporter-output>
          </reporter-output>
        </test-method> <!-- setUpClass -->
        <test-method signature="feature(cucumber.api.testng.CucumberFeatureWrapper)[pri:0, instance:com.testrunner.TestNGRunner@192c3f1e]" started-at="2021-10-04T09:04:42Z" name="feature" description="Runs Cucumber Feature" data-provider="features" finished-at="2021-10-04T09:04:45Z" duration-ms="2185" status="FAIL">
          <params>
            <param index="0">
              <value>
                <![CDATA[Signing Up on Oscommerce.com]]>
              </value>
            </param>
          </params>
          <exception class="cucumber.runtime.CucumberException">
            <message>
              <![CDATA[org.openqa.selenium.SessionNotCreatedException: session not created: This version of ChromeDriver only supports Chrome version 87
Current browser version is 89.0.4389.114 with binary path C:\Users\phant\AppData\Local\Google\Chrome\Application\chrome.exe
Build info: version: '3.141.59', revision: 'e82be7d358', time: '2018-11-14T08:17:03'
System info: host: 'LAPTOP-D31KA018', ip: '192.168.4.44', os.name: 'Windows 10', os.arch: 'amd64', os.version: '10.0', java.version: '14.0.2'
Driver info: driver.version: ChromeDriver
remote stacktrace: Backtrace:
Ordinal0 [0x007AC0C3+3326147]
Ordinal0 [0x00690851+2164817]
Ordinal0 [0x00517298+619160]
Ordinal0 [0x00491D92+73106]
Ordinal0 [0x0048E119+57625]
Ordinal0 [0x0048C38A+50058]
Ordinal0 [0x004B5F3E+220990]
Ordinal0 [0x004B5CAC+220332]
Ordinal0 [0x004B189B+202907]
Ordinal0 [0x00493DF4+81396]
Ordinal0 [0x00494DEE+85486]
Ordinal0 [0x00494D79+85369]
Ordinal0 [0x006A85DC+2262492]
GetHandleVerifier [0x00932874+1487204]
GetHandleVerifier [0x009323CD+1486013]
GetHandleVerifier [0x0093A368+1518680]
GetHandleVerifier [0x00932F4E+1488958]
Ordinal0 [0x0069ED0D+2223373]
Ordinal0 [0x006AA12B+2269483]
Ordinal0 [0x006AA26F+2269807]
Ordinal0 [0x006BECB8+2354360]
BaseThreadInitThunk [0x76F7FA29+25]
RtlGetAppContainerNamedObjectPath [0x77CD7C7E+286]
RtlGetAppContainerNamedObjectPath [0x77CD7C4E+238]
]]>
            </message>
            <full-stacktrace>
              <![CDATA[cucumber.runtime.CucumberException: org.openqa.selenium.SessionNotCreatedException: session not created: This version of ChromeDriver only supports Chrome version 87
Current browser version is 89.0.4389.114 with binary path C:\Users\phant\AppData\Local\Google\Chrome\Application\chrome.exe
Build info: version: '3.141.59', revision: 'e82be7d358', time: '2018-11-14T08:17:03'
System info: host: 'LAPTOP-D31KA018', ip: '192.168.4.44', os.name: 'Windows 10', os.arch: 'amd64', os.version: '10.0', java.version: '14.0.2'
Driver info: driver.version: ChromeDriver
remote stacktrace: Backtrace:
Ordinal0 [0x007AC0C3+3326147]
Ordinal0 [0x00690851+2164817]
Ordinal0 [0x00517298+619160]
Ordinal0 [0x00491D92+73106]
Ordinal0 [0x0048E119+57625]
Ordinal0 [0x0048C38A+50058]
Ordinal0 [0x004B5F3E+220990]
Ordinal0 [0x004B5CAC+220332]
Ordinal0 [0x004B189B+202907]
Ordinal0 [0x00493DF4+81396]
Ordinal0 [0x00494DEE+85486]
Ordinal0 [0x00494D79+85369]
Ordinal0 [0x006A85DC+2262492]
GetHandleVerifier [0x00932874+1487204]
GetHandleVerifier [0x009323CD+1486013]
GetHandleVerifier [0x0093A368+1518680]
GetHandleVerifier [0x00932F4E+1488958]
Ordinal0 [0x0069ED0D+2223373]
Ordinal0 [0x006AA12B+2269483]
Ordinal0 [0x006AA26F+2269807]
Ordinal0 [0x006BECB8+2354360]
BaseThreadInitThunk [0x76F7FA29+25]
RtlGetAppContainerNamedObjectPath [0x77CD7C7E+286]
RtlGetAppContainerNamedObjectPath [0x77CD7C4E+238]

at cucumber.api.testng.TestNGCucumberRunner.runCucumber(TestNGCucumberRunner.java:69)
at cucumber.api.testng.AbstractTestNGCucumberTests.feature(AbstractTestNGCucumberTests.java:21)
at java.base/jdk.internal.reflect.NativeMethodAccessorImpl.invoke0(Native Method)
at java.base/jdk.internal.reflect.NativeMethodAccessorImpl.invoke(NativeMethodAccessorImpl.java:62)
at java.base/jdk.internal.reflect.DelegatingMethodAccessorImpl.invoke(DelegatingMethodAccessorImpl.java:43)
at java.base/java.lang.reflect.Method.invoke(Method.java:564)
at org.testng.internal.MethodInvocationHelper.invokeMethod(MethodInvocationHelper.java:124)
at org.testng.internal.Invoker.invokeMethod(Invoker.java:583)
at org.testng.internal.Invoker.invokeTestMethod(Invoker.java:719)
at org.testng.internal.Invoker.invokeTestMethods(Invoker.java:989)
at org.testng.internal.TestMethodWorker.invokeTestMethods(TestMethodWorker.java:125)
at org.testng.internal.TestMethodWorker.run(TestMethodWorker.java:109)
at org.testng.TestRunner.privateRun(TestRunner.java:648)
at org.testng.TestRunner.run(TestRunner.java:505)
at org.testng.SuiteRunner.runTest(SuiteRunner.java:455)
at org.testng.SuiteRunner.runSequentially(SuiteRunner.java:450)
at org.testng.SuiteRunner.privateRun(SuiteRunner.java:415)
at org.testng.SuiteRunner.run(SuiteRunner.java:364)
at org.testng.SuiteRunnerWorker.runSuite(SuiteRunnerWorker.java:52)
at org.testng.SuiteRunnerWorker.run(SuiteRunnerWorker.java:84)
at org.testng.TestNG.runSuitesSequentially(TestNG.java:1208)
at org.testng.TestNG.runSuitesLocally(TestNG.java:1137)
at org.testng.TestNG.runSuites(TestNG.java:1049)
at org.testng.TestNG.run(TestNG.java:1017)
at org.testng.remote.AbstractRemoteTestNG.run(AbstractRemoteTestNG.java:115)
at org.testng.remote.RemoteTestNG.initAndRun(RemoteTestNG.java:251)
at org.testng.remote.RemoteTestNG.main(RemoteTestNG.java:77)
Caused by: org.openqa.selenium.SessionNotCreatedException: session not created: This version of ChromeDriver only supports Chrome version 87
Current browser version is 89.0.4389.114 with binary path C:\Users\phant\AppData\Local\Google\Chrome\Application\chrome.exe
Build info: version: '3.141.59', revision: 'e82be7d358', time: '2018-11-14T08:17:03'
System info: host: 'LAPTOP-D31KA018', ip: '192.168.4.44', os.name: 'Windows 10', os.arch: 'amd64', os.version: '10.0', java.version: '14.0.2'
Driver info: driver.version: ChromeDriver
remote stacktrace: Backtrace:
Ordinal0 [0x007AC0C3+3326147]
Ordinal0 [0x00690851+2164817]
Ordinal0 [0x00517298+619160]
Ordinal0 [0x00491D92+73106]
Ordinal0 [0x0048E119+57625]
Ordinal0 [0x0048C38A+50058]
Ordinal0 [0x004B5F3E+220990]
Ordinal0 [0x004B5CAC+220332]
Ordinal0 [0x004B189B+202907]
Ordinal0 [0x00493DF4+81396]
Ordinal0 [0x00494DEE+85486]
Ordinal0 [0x00494D79+85369]
Ordinal0 [0x006A85DC+2262492]
GetHandleVerifier [0x00932874+1487204]
GetHandleVerifier [0x009323CD+1486013]
GetHandleVerifier [0x0093A368+1518680]
GetHandleVerifier [0x00932F4E+1488958]
Ordinal0 [0x0069ED0D+2223373]
Ordinal0 [0x006AA12B+2269483]
Ordinal0 [0x006AA26F+2269807]
Ordinal0 [0x006BECB8+2354360]
BaseThreadInitThunk [0x76F7FA29+25]
RtlGetAppContainerNamedObjectPath [0x77CD7C7E+286]
RtlGetAppContainerNamedObjectPath [0x77CD7C4E+238]

at java.base/jdk.internal.reflect.NativeConstructorAccessorImpl.newInstance0(Native Method)
at java.base/jdk.internal.reflect.NativeConstructorAccessorImpl.newInstance(NativeConstructorAccessorImpl.java:62)
at java.base/jdk.internal.reflect.DelegatingConstructorAccessorImpl.newInstance(DelegatingConstructorAccessorImpl.java:45)
at java.base/java.lang.reflect.Constructor.newInstanceWithCaller(Constructor.java:500)
at java.base/java.lang.reflect.Constructor.newInstance(Constructor.java:481)
at org.openqa.selenium.remote.W3CHandshakeResponse.lambda$errorHandler$0(W3CHandshakeResponse.java:62)
at org.openqa.selenium.remote.HandshakeResponse.lambda$getResponseFunction$0(HandshakeResponse.java:30)
at org.openqa.selenium.remote.ProtocolHandshake.lambda$createSession$0(ProtocolHandshake.java:126)
at java.base/java.util.stream.ReferencePipeline$3$1.accept(ReferencePipeline.java:195)
at java.base/java.util.Spliterators$ArraySpliterator.tryAdvance(Spliterators.java:958)
at java.base/java.util.stream.ReferencePipeline.forEachWithCancel(ReferencePipeline.java:127)
at java.base/java.util.stream.AbstractPipeline.copyIntoWithCancel(AbstractPipeline.java:502)
at java.base/java.util.stream.AbstractPipeline.copyInto(AbstractPipeline.java:488)
at java.base/java.util.stream.AbstractPipeline.wrapAndCopyInto(AbstractPipeline.java:474)
at java.base/java.util.stream.FindOps$FindOp.evaluateSequential(FindOps.java:150)
at java.base/java.util.stream.AbstractPipeline.evaluate(AbstractPipeline.java:234)
at java.base/java.util.stream.ReferencePipeline.findFirst(ReferencePipeline.java:543)
at org.openqa.selenium.remote.ProtocolHandshake.createSession(ProtocolHandshake.java:128)
at org.openqa.selenium.remote.ProtocolHandshake.createSession(ProtocolHandshake.java:74)
at org.openqa.selenium.remote.HttpCommandExecutor.execute(HttpCommandExecutor.java:136)
at org.openqa.selenium.remote.service.DriverCommandExecutor.execute(DriverCommandExecutor.java:83)
at org.openqa.selenium.remote.RemoteWebDriver.execute(RemoteWebDriver.java:552)
at org.openqa.selenium.remote.RemoteWebDriver.startSession(RemoteWebDriver.java:213)
at org.openqa.selenium.remote.RemoteWebDriver.<init>(RemoteWebDriver.java:131)
at org.openqa.selenium.chrome.ChromeDriver.<init>(ChromeDriver.java:181)
at org.openqa.selenium.chrome.ChromeDriver.<init>(ChromeDriver.java:168)
at org.openqa.selenium.chrome.ChromeDriver.<init>(ChromeDriver.java:123)
at com.common.Base.getDriver(Base.java:21)
at com.stepsdefinition.NewAccountSteps.i_am_on_oscommerce_com(NewAccountSteps.java:21)
at âœ½.Given I am on oscommerce.com(NewAccount.feature:6)
]]>
            </full-stacktrace>
          </exception> <!-- cucumber.runtime.CucumberException -->
          <reporter-output>
          </reporter-output>
        </test-method> <!-- feature -->
        <test-method is-config="true" signature="tearDownClass()[pri:0, instance:com.testrunner.TestNGRunner@192c3f1e]" started-at="2021-10-04T09:04:45Z" name="tearDownClass" finished-at="2021-10-04T09:04:45Z" duration-ms="8" status="PASS">
          <reporter-output>
          </reporter-output>
        </test-method> <!-- tearDownClass -->
      </class> <!-- com.testrunner.TestNGRunner -->
    </test> <!-- Default test -->
  </suite> <!-- Default suite -->
</testng-results>
